[0907/181754.725:ERROR:process_memory_win.cc(73)] ReadMemory at 0x7ff67a5d0000 of 64 bytes failed: Only part of a ReadProcessMemory or WriteProcessMemory request was completed. (0x12B)
[0907/181754.929:WARNING:pe_image_reader.cc(340)] could not read dos header from C:\Program Files (x86)\Google\Chrome\Application\chrome.exe
[0907/181754.929:ERROR:process_memory_win.cc(73)] ReadMemory at 0x7ffb48b70000 of 64 bytes failed: Only part of a ReadProcessMemory or WriteProcessMemory request was completed. (0x12B)
[0907/181754.929:WARNING:pe_image_reader.cc(340)] could not read dos header from C:\WINDOWS\SYSTEM32\ntdll.dll
[0907/181754.929:ERROR:process_memory_win.cc(73)] ReadMemory at 0x7ffb47410000 of 64 bytes failed: Only part of a ReadProcessMemory or WriteProcessMemory request was completed. (0x12B)
[0907/181754.931:WARNING:pe_image_reader.cc(340)] could not read dos header from C:\WINDOWS\System32\KERNEL32.DLL
[0907/181754.932:ERROR:process_memory_win.cc(73)] ReadMemory at 0x7ffb46760000 of 64 bytes failed: Only part of a ReadProcessMemory or WriteProcessMemory request was completed. (0x12B)
[0907/181754.932:WARNING:pe_image_reader.cc(340)] could not read dos header from C:\WINDOWS\System32\KERNELBASE.dll
[0907/181754.932:ERROR:process_memory_win.cc(73)] ReadMemory at 0x7ffb16c30000 of 64 bytes failed: Only part of a ReadProcessMemory or WriteProcessMemory request was completed. (0x12B)
[0907/181754.932:WARNING:pe_image_reader.cc(340)] could not read dos header from C:\Program Files (x86)\Google\Chrome\Application\85.0.4183.83\chrome_elf.dll
[0907/181754.932:ERROR:process_memory_win.cc(73)] ReadMemory at 0x7ffb40420000 of 64 bytes failed: Only part of a ReadProcessMemory or WriteProcessMemory request was completed. (0x12B)
[0907/181754.932:WARNING:pe_image_reader.cc(340)] could not read dos header from C:\WINDOWS\SYSTEM32\VERSION.dll
[0907/181754.933:ERROR:process_memory_win.cc(73)] ReadMemory at 0x7ffb47200000 of 64 bytes failed: Only part of a ReadProcessMemory or WriteProcessMemory request was completed. (0x12B)
[0907/181754.933:WARNING:pe_image_reader.cc(340)] could not read dos header from C:\WINDOWS\System32\msvcrt.dll
[0907/181754.933:ERROR:process_memory_win.cc(73)] ReadMemory at 0x7ffb47940000 of 64 bytes failed: Only part of a ReadProcessMemory or WriteProcessMemory request was completed. (0x12B)
[0907/181754.933:WARNING:pe_image_reader.cc(340)] could not read dos header from C:\WINDOWS\System32\ADVAPI32.dll
[0907/181754.933:ERROR:process_memory_win.cc(73)] ReadMemory at 0x7ffb484f0000 of 64 bytes failed: Only part of a ReadProcessMemory or WriteProcessMemory request was completed. (0x12B)
[0907/181754.933:WARNING:pe_image_reader.cc(340)] could not read dos header from C:\WINDOWS\System32\sechost.dll
[0907/181754.933:ERROR:process_memory_win.cc(73)] ReadMemory at 0x7ffb483c0000 of 64 bytes failed: Only part of a ReadProcessMemory or WriteProcessMemory request was completed. (0x12B)
[0907/181754.933:WARNING:pe_image_reader.cc(340)] could not read dos header from C:\WINDOWS\System32\RPCRT4.dll
[0907/181754.933:ERROR:process_memory_win.cc(73)] ReadMemory at 0x7ffaf00b0000 of 64 bytes failed: Only part of a ReadProcessMemory or WriteProcessMemory request was completed. (0x12B)
[0907/181754.933:WARNING:pe_image_reader.cc(340)] could not read dos header from C:\Program Files (x86)\Google\Chrome\Application\85.0.4183.83\chrome.dll
[0907/181754.933:ERROR:process_memory_win.cc(73)] ReadMemory at 0x7ffb47560000 of 64 bytes failed: Only part of a ReadProcessMemory or WriteProcessMemory request was completed. (0x12B)
[0907/181754.933:WARNING:pe_image_reader.cc(340)] could not read dos header from C:\WINDOWS\System32\WS2_32.dll
[0907/181754.933:ERROR:process_memory_win.cc(73)] ReadMemory at 0x7ffb47a00000 of 64 bytes failed: Only part of a ReadProcessMemory or WriteProcessMemory request was completed. (0x12B)
[0907/181754.933:WARNING:pe_image_reader.cc(340)] could not read dos header from C:\WINDOWS\System32\OLEAUT32.dll
[0907/181754.933:ERROR:process_memory_win.cc(73)] ReadMemory at 0x7ffb46560000 of 64 bytes failed: Only part of a ReadProcessMemory or WriteProcessMemory request was completed. (0x12B)
[0907/181754.933:WARNING:pe_image_reader.cc(340)] could not read dos header from C:\WINDOWS\System32\msvcp_win.dll
[0907/181754.933:ERROR:process_memory_win.cc(73)] ReadMemory at 0x7ffb46600000 of 64 bytes failed: Only part of a ReadProcessMemory or WriteProcessMemory request was completed. (0x12B)
[0907/181754.933:WARNING:pe_image_reader.cc(340)] could not read dos header from C:\WINDOWS\System32\ucrtbase.dll
[0907/181754.933:ERROR:process_memory_win.cc(73)] ReadMemory at 0x7ffb475e0000 of 64 bytes failed: Only part of a ReadProcessMemory or WriteProcessMemory request was completed. (0x12B)
[0907/181754.933:WARNING:pe_image_reader.cc(340)] could not read dos header from C:\WINDOWS\System32\combase.dll
[0907/181754.933:ERROR:process_memory_win.cc(73)] ReadMemory at 0x7ffb46500000 of 64 bytes failed: Only part of a ReadProcessMemory or WriteProcessMemory request was completed. (0x12B)
[0907/181754.933:WARNING:pe_image_reader.cc(340)] could not read dos header from C:\WINDOWS\System32\WINTRUST.dll
[0907/181754.933:ERROR:process_memory_win.cc(73)] ReadMemory at 0x7ffb46a80000 of 64 bytes failed: Only part of a ReadProcessMemory or WriteProcessMemory request was completed. (0x12B)
[0907/181754.933:WARNING:pe_image_reader.cc(340)] could not read dos header from C:\WINDOWS\System32\CRYPT32.dll
[0907/181754.937:ERROR:process_memory_win.cc(73)] ReadMemory at 0x7ffb45760000 of 64 bytes failed: Only part of a ReadProcessMemory or WriteProcessMemory request was completed. (0x12B)
[0907/181754.937:WARNING:pe_image_reader.cc(340)] could not read dos header from C:\WINDOWS\SYSTEM32\IPHLPAPI.DLL
[0907/181754.937:ERROR:process_memory_win.cc(73)] ReadMemory at 0x7ffb3bd00000 of 64 bytes failed: Only part of a ReadProcessMemory or WriteProcessMemory request was completed. (0x12B)
[0907/181754.938:WARNING:pe_image_reader.cc(340)] could not read dos header from C:\WINDOWS\SYSTEM32\WINMM.dll
[0907/181754.938:ERROR:process_memory_win.cc(73)] ReadMemory at 0x7ffb21a20000 of 64 bytes failed: Only part of a ReadProcessMemory or WriteProcessMemory request was completed. (0x12B)
[0907/181754.938:WARNING:pe_image_reader.cc(340)] could not read dos header from C:\WINDOWS\SYSTEM32\UIAutomationCore.DLL
[0907/181754.938:ERROR:process_memory_win.cc(73)] ReadMemory at 0x7ffb32290000 of 64 bytes failed: Only part of a ReadProcessMemory or WriteProcessMemory request was completed. (0x12B)
[0907/181754.938:WARNING:pe_image_reader.cc(340)] could not read dos header from C:\WINDOWS\SYSTEM32\Secur32.dll
[0907/181754.938:ERROR:process_memory_win.cc(73)] ReadMemory at 0x7ffb46180000 of 64 bytes failed: Only part of a ReadProcessMemory or WriteProcessMemory request was completed. (0x12B)
[0907/181754.938:WARNING:pe_image_reader.cc(340)] could not read dos header from C:\WINDOWS\SYSTEM32\USERENV.dll
[0907/181754.938:ERROR:process_memory_win.cc(73)] ReadMemory at 0x7ffb3a120000 of 64 bytes failed: Only part of a ReadProcessMemory or WriteProcessMemory request was completed. (0x12B)
[0907/181754.938:WARNING:pe_image_reader.cc(340)] could not read dos header from C:\WINDOWS\SYSTEM32\DWrite.dll
[0907/181754.938:ERROR:process_memory_win.cc(73)] ReadMemory at 0x7ffb17170000 of 64 bytes failed: Only part of a ReadProcessMemory or WriteProcessMemory request was completed. (0x12B)
[0907/181754.938:WARNING:pe_image_reader.cc(340)] could not read dos header from C:\WINDOWS\SYSTEM32\WINSPOOL.DRV
[0907/181754.938:ERROR:process_memory_win.cc(73)] ReadMemory at 0x7ffb44140000 of 64 bytes failed: Only part of a ReadProcessMemory or WriteProcessMemory request was completed. (0x12B)
[0907/181754.938:WARNING:pe_image_reader.cc(340)] could not read dos header from C:\WINDOWS\SYSTEM32\dbghelp.dll
[0907/181754.938:ERROR:process_memory_win.cc(73)] ReadMemory at 0x7ffb3cba0000 of 64 bytes failed: Only part of a ReadProcessMemory or WriteProcessMemory request was completed. (0x12B)
[0907/181754.938:WARNING:pe_image_reader.cc(340)] could not read dos header from C:\WINDOWS\SYSTEM32\WINHTTP.dll
[0907/181754.938:ERROR:process_memory_win.cc(73)] ReadMemory at 0x7ffb3ebf0000 of 64 bytes failed: Only part of a ReadProcessMemory or WriteProcessMemory request was completed. (0x12B)
[0907/181754.938:WARNING:pe_image_reader.cc(340)] could not read dos header from C:\WINDOWS\SYSTEM32\dhcpcsvc.DLL
[0907/181754.941:ERROR:process_memory_win.cc(73)] ReadMemory at 0x7ffb43730000 of 64 bytes failed: Only part of a ReadProcessMemory or WriteProcessMemory request was completed. (0x12B)
[0907/181754.941:WARNING:pe_image_reader.cc(340)] could not read dos header from C:\WINDOWS\SYSTEM32\PROPSYS.dll
[0907/181754.941:ERROR:process_memory_win.cc(73)] ReadMemory at 0x7ffb461b0000 of 64 bytes failed: Only part of a ReadProcessMemory or WriteProcessMemory request was completed. (0x12B)
[0907/181754.941:WARNING:pe_image_reader.cc(340)] could not read dos header from C:\WINDOWS\SYSTEM32\SSPICLI.DLL
[0907/181754.941:ERROR:process_memory_win.cc(73)] ReadMemory at 0x7ffb45ec0000 of 64 bytes failed: Only part of a ReadProcessMemory or WriteProcessMemory request was completed. (0x12B)
[0907/181754.941:WARNING:pe_image_reader.cc(340)] could not read dos header from C:\WINDOWS\System32\MSASN1.dll
[0907/181754.942:ERROR:process_memory_win.cc(73)] ReadMemory at 0x7ffb46480000 of 64 bytes failed: Only part of a ReadProcessMemory or WriteProcessMemory request was completed. (0x12B)
[0907/181754.942:WARNING:pe_image_reader.cc(340)] could not read dos header from C:\WINDOWS\System32\bcryptPrimitives.dll
[0907/181754.942:ERROR:process_memory_win.cc(73)] ReadMemory at 0x7ffb45cb0000 of 64 bytes failed: Only part of a ReadProcessMemory or WriteProcessMemory request was completed. (0x12B)
[0907/181754.942:WARNING:pe_image_reader.cc(340)] could not read dos header from C:\WINDOWS\SYSTEM32\CRYPTBASE.DLL
[0907/181754.985:ERROR:process_memory_win.cc(73)] ReadMemory at 0x7ff67a5d0000 of 64 bytes failed: Only part of a ReadProcessMemory or WriteProcessMemory request was completed. (0x12B)
[0907/181754.985:WARNING:pe_image_reader.cc(340)] could not read dos header from C:\Program Files (x86)\Google\Chrome\Application\chrome.exe
[0907/181754.985:ERROR:process_memory_win.cc(73)] ReadMemory at 0x7ffb48b70000 of 64 bytes failed: Only part of a ReadProcessMemory or WriteProcessMemory request was completed. (0x12B)
[0907/181754.985:WARNING:pe_image_reader.cc(340)] could not read dos header from C:\WINDOWS\SYSTEM32\ntdll.dll
[0907/181754.985:ERROR:process_memory_win.cc(73)] ReadMemory at 0x7ffb47410000 of 64 bytes failed: Only part of a ReadProcessMemory or WriteProcessMemory request was completed. (0x12B)
[0907/181754.985:WARNING:pe_image_reader.cc(340)] could not read dos header from C:\WINDOWS\System32\KERNEL32.DLL
[0907/181754.986:ERROR:process_memory_win.cc(73)] ReadMemory at 0x7ffb46760000 of 64 bytes failed: Only part of a ReadProcessMemory or WriteProcessMemory request was completed. (0x12B)
[0907/181754.986:WARNING:pe_image_reader.cc(340)] could not read dos header from C:\WINDOWS\System32\KERNELBASE.dll
[0907/181754.986:ERROR:process_memory_win.cc(73)] ReadMemory at 0x7ffb16c30000 of 64 bytes failed: Only part of a ReadProcessMemory or WriteProcessMemory request was completed. (0x12B)
[0907/181754.986:WARNING:pe_image_reader.cc(340)] could not read dos header from C:\Program Files (x86)\Google\Chrome\Application\85.0.4183.83\chrome_elf.dll
[0907/181754.986:ERROR:process_memory_win.cc(73)] ReadMemory at 0x7ffb40420000 of 64 bytes failed: Only part of a ReadProcessMemory or WriteProcessMemory request was completed. (0x12B)
[0907/181754.986:WARNING:pe_image_reader.cc(340)] could not read dos header from C:\WINDOWS\SYSTEM32\VERSION.dll
[0907/181754.986:ERROR:process_memory_win.cc(73)] ReadMemory at 0x7ffb47200000 of 64 bytes failed: Only part of a ReadProcessMemory or WriteProcessMemory request was completed. (0x12B)
[0907/181754.986:WARNING:pe_image_reader.cc(340)] could not read dos header from C:\WINDOWS\System32\msvcrt.dll
[0907/181754.986:ERROR:process_memory_win.cc(73)] ReadMemory at 0x7ffb47940000 of 64 bytes failed: Only part of a ReadProcessMemory or WriteProcessMemory request was completed. (0x12B)
[0907/181754.986:WARNING:pe_image_reader.cc(340)] could not read dos header from C:\WINDOWS\System32\ADVAPI32.dll
[0907/181754.986:ERROR:process_memory_win.cc(73)] ReadMemory at 0x7ffb484f0000 of 64 bytes failed: Only part of a ReadProcessMemory or WriteProcessMemory request was completed. (0x12B)
[0907/181754.986:WARNING:pe_image_reader.cc(340)] could not read dos header from C:\WINDOWS\System32\sechost.dll
[0907/181754.986:ERROR:process_memory_win.cc(73)] ReadMemory at 0x7ffb483c0000 of 64 bytes failed: Only part of a ReadProcessMemory or WriteProcessMemory request was completed. (0x12B)
[0907/181754.986:WARNING:pe_image_reader.cc(340)] could not read dos header from C:\WINDOWS\System32\RPCRT4.dll
[0907/181754.986:ERROR:process_memory_win.cc(73)] ReadMemory at 0x7ffaf00b0000 of 64 bytes failed: Only part of a ReadProcessMemory or WriteProcessMemory request was completed. (0x12B)
[0907/181754.986:WARNING:pe_image_reader.cc(340)] could not read dos header from C:\Program Files (x86)\Google\Chrome\Application\85.0.4183.83\chrome.dll
[0907/181754.986:ERROR:process_memory_win.cc(73)] ReadMemory at 0x7ffb47560000 of 64 bytes failed: Only part of a ReadProcessMemory or WriteProcessMemory request was completed. (0x12B)
[0907/181754.986:WARNING:pe_image_reader.cc(340)] could not read dos header from C:\WINDOWS\System32\WS2_32.dll
[0907/181754.990:ERROR:process_memory_win.cc(73)] ReadMemory at 0x7ffb47a00000 of 64 bytes failed: Only part of a ReadProcessMemory or WriteProcessMemory request was completed. (0x12B)
[0907/181754.990:WARNING:pe_image_reader.cc(340)] could not read dos header from C:\WINDOWS\System32\OLEAUT32.dll
[0907/181754.990:ERROR:process_memory_win.cc(73)] ReadMemory at 0x7ffb46560000 of 64 bytes failed: Only part of a ReadProcessMemory or WriteProcessMemory request was completed. (0x12B)
[0907/181754.991:WARNING:pe_image_reader.cc(340)] could not read dos header from C:\WINDOWS\System32\msvcp_win.dll
[0907/181754.991:ERROR:process_memory_win.cc(73)] ReadMemory at 0x7ffb46600000 of 64 bytes failed: Only part of a ReadProcessMemory or WriteProcessMemory request was completed. (0x12B)
[0907/181754.991:WARNING:pe_image_reader.cc(340)] could not read dos header from C:\WINDOWS\System32\ucrtbase.dll
[0907/181754.991:ERROR:process_memory_win.cc(73)] ReadMemory at 0x7ffb475e0000 of 64 bytes failed: Only part of a ReadProcessMemory or WriteProcessMemory request was completed. (0x12B)
[0907/181754.991:WARNING:pe_image_reader.cc(340)] could not read dos header from C:\WINDOWS\System32\combase.dll
[0907/181754.991:ERROR:process_memory_win.cc(73)] ReadMemory at 0x7ffb46500000 of 64 bytes failed: Only part of a ReadProcessMemory or WriteProcessMemory request was completed. (0x12B)
[0907/181754.991:WARNING:pe_image_reader.cc(340)] could not read dos header from C:\WINDOWS\System32\WINTRUST.dll
[0907/181754.992:ERROR:process_memory_win.cc(73)] ReadMemory at 0x7ffb46a80000 of 64 bytes failed: Only part of a ReadProcessMemory or WriteProcessMemory request was completed. (0x12B)
[0907/181754.992:WARNING:pe_image_reader.cc(340)] could not read dos header from C:\WINDOWS\System32\CRYPT32.dll
[0907/181754.992:ERROR:process_memory_win.cc(73)] ReadMemory at 0x7ffb45760000 of 64 bytes failed: Only part of a ReadProcessMemory or WriteProcessMemory request was completed. (0x12B)
[0907/181754.992:WARNING:pe_image_reader.cc(340)] could not read dos header from C:\WINDOWS\SYSTEM32\IPHLPAPI.DLL
[0907/181754.992:ERROR:process_memory_win.cc(73)] ReadMemory at 0x7ffb3bd00000 of 64 bytes failed: Only part of a ReadProcessMemory or WriteProcessMemory request was completed. (0x12B)
[0907/181754.992:WARNING:pe_image_reader.cc(340)] could not read dos header from C:\WINDOWS\SYSTEM32\WINMM.dll
[0907/181754.993:ERROR:process_memory_win.cc(73)] ReadMemory at 0x7ffb21a20000 of 64 bytes failed: Only part of a ReadProcessMemory or WriteProcessMemory request was completed. (0x12B)
[0907/181754.993:WARNING:pe_image_reader.cc(340)] could not read dos header from C:\WINDOWS\SYSTEM32\UIAutomationCore.DLL
[0907/181754.993:ERROR:process_memory_win.cc(73)] ReadMemory at 0x7ffb32290000 of 64 bytes failed: Only part of a ReadProcessMemory or WriteProcessMemory request was completed. (0x12B)
[0907/181754.993:WARNING:pe_image_reader.cc(340)] could not read dos header from C:\WINDOWS\SYSTEM32\Secur32.dll
[0907/181754.993:ERROR:process_memory_win.cc(73)] ReadMemory at 0x7ffb46180000 of 64 bytes failed: Only part of a ReadProcessMemory or WriteProcessMemory request was completed. (0x12B)
[0907/181754.993:WARNING:pe_image_reader.cc(340)] could not read dos header from C:\WINDOWS\SYSTEM32\USERENV.dll
[0907/181754.993:ERROR:process_memory_win.cc(73)] ReadMemory at 0x7ffb3a120000 of 64 bytes failed: Only part of a ReadProcessMemory or WriteProcessMemory request was completed. (0x12B)
[0907/181754.993:WARNING:pe_image_reader.cc(340)] could not read dos header from C:\WINDOWS\SYSTEM32\DWrite.dll
[0907/181754.993:ERROR:process_memory_win.cc(73)] ReadMemory at 0x7ffb17170000 of 64 bytes failed: Only part of a ReadProcessMemory or WriteProcessMemory request was completed. (0x12B)
[0907/181754.993:WARNING:pe_image_reader.cc(340)] could not read dos header from C:\WINDOWS\SYSTEM32\WINSPOOL.DRV
[0907/181754.994:ERROR:process_memory_win.cc(73)] ReadMemory at 0x7ffb44140000 of 64 bytes failed: Only part of a ReadProcessMemory or WriteProcessMemory request was completed. (0x12B)
[0907/181754.994:WARNING:pe_image_reader.cc(340)] could not read dos header from C:\WINDOWS\SYSTEM32\dbghelp.dll
[0907/181754.994:ERROR:process_memory_win.cc(73)] ReadMemory at 0x7ffb3cba0000 of 64 bytes failed: Only part of a ReadProcessMemory or WriteProcessMemory request was completed. (0x12B)
[0907/181754.994:WARNING:pe_image_reader.cc(340)] could not read dos header from C:\WINDOWS\SYSTEM32\WINHTTP.dll
[0907/181754.994:ERROR:process_memory_win.cc(73)] ReadMemory at 0x7ffb3ebf0000 of 64 bytes failed: Only part of a ReadProcessMemory or WriteProcessMemory request was completed. (0x12B)
[0907/181754.994:WARNING:pe_image_reader.cc(340)] could not read dos header from C:\WINDOWS\SYSTEM32\dhcpcsvc.DLL
[0907/181754.994:ERROR:process_memory_win.cc(73)] ReadMemory at 0x7ffb43730000 of 64 bytes failed: Only part of a ReadProcessMemory or WriteProcessMemory request was completed. (0x12B)
[0907/181754.994:WARNING:pe_image_reader.cc(340)] could not read dos header from C:\WINDOWS\SYSTEM32\PROPSYS.dll
[0907/181754.994:ERROR:process_memory_win.cc(73)] ReadMemory at 0x7ffb461b0000 of 64 bytes failed: Only part of a ReadProcessMemory or WriteProcessMemory request was completed. (0x12B)
[0907/181754.994:WARNING:pe_image_reader.cc(340)] could not read dos header from C:\WINDOWS\SYSTEM32\SSPICLI.DLL
[0907/181754.994:ERROR:process_memory_win.cc(73)] ReadMemory at 0x7ffb45ec0000 of 64 bytes failed: Only part of a ReadProcessMemory or WriteProcessMemory request was completed. (0x12B)
[0907/181754.994:WARNING:pe_image_reader.cc(340)] could not read dos header from C:\WINDOWS\System32\MSASN1.dll
[0907/181754.994:ERROR:process_memory_win.cc(73)] ReadMemory at 0x7ffb46480000 of 64 bytes failed: Only part of a ReadProcessMemory or WriteProcessMemory request was completed. (0x12B)
[0907/181754.994:WARNING:pe_image_reader.cc(340)] could not read dos header from C:\WINDOWS\System32\bcryptPrimitives.dll
[0907/181754.994:ERROR:process_memory_win.cc(73)] ReadMemory at 0x7ffb45cb0000 of 64 bytes failed: Only part of a ReadProcessMemory or WriteProcessMemory request was completed. (0x12B)
[0907/181754.994:WARNING:pe_image_reader.cc(340)] could not read dos header from C:\WINDOWS\SYSTEM32\CRYPTBASE.DLL
[0907/181754.994:ERROR:process_memory_win.cc(73)] ReadMemory at 0x7ff67a5d0000 of 64 bytes failed: Only part of a ReadProcessMemory or WriteProcessMemory request was completed. (0x12B)
[0907/181754.994:WARNING:pe_image_reader.cc(340)] could not read dos header from C:\Program Files (x86)\Google\Chrome\Application\chrome.exe
[0907/181754.994:ERROR:process_memory_win.cc(73)] ReadMemory at 0x7ffb48b70000 of 64 bytes failed: Only part of a ReadProcessMemory or WriteProcessMemory request was completed. (0x12B)
[0907/181754.994:WARNING:pe_image_reader.cc(340)] could not read dos header from C:\WINDOWS\SYSTEM32\ntdll.dll
[0907/181754.994:ERROR:process_memory_win.cc(73)] ReadMemory at 0x7ffb47410000 of 64 bytes failed: Only part of a ReadProcessMemory or WriteProcessMemory request was completed. (0x12B)
[0907/181754.994:WARNING:pe_image_reader.cc(340)] could not read dos header from C:\WINDOWS\System32\KERNEL32.DLL
[0907/181754.994:ERROR:process_memory_win.cc(73)] ReadMemory at 0x7ffb46760000 of 64 bytes failed: Only part of a ReadProcessMemory or WriteProcessMemory request was completed. (0x12B)
[0907/181754.994:WARNING:pe_image_reader.cc(340)] could not read dos header from C:\WINDOWS\System32\KERNELBASE.dll
[0907/181754.994:ERROR:process_memory_win.cc(73)] ReadMemory at 0x7ffb16c30000 of 64 bytes failed: Only part of a ReadProcessMemory or WriteProcessMemory request was completed. (0x12B)
[0907/181754.994:WARNING:pe_image_reader.cc(340)] could not read dos header from C:\Program Files (x86)\Google\Chrome\Application\85.0.4183.83\chrome_elf.dll
[0907/181754.994:ERROR:process_memory_win.cc(73)] ReadMemory at 0x7ffb40420000 of 64 bytes failed: Only part of a ReadProcessMemory or WriteProcessMemory request was completed. (0x12B)
[0907/181754.994:WARNING:pe_image_reader.cc(340)] could not read dos header from C:\WINDOWS\SYSTEM32\VERSION.dll
[0907/181754.994:ERROR:process_memory_win.cc(73)] ReadMemory at 0x7ffb47200000 of 64 bytes failed: Only part of a ReadProcessMemory or WriteProcessMemory request was completed. (0x12B)
[0907/181754.994:WARNING:pe_image_reader.cc(340)] could not read dos header from C:\WINDOWS\System32\msvcrt.dll
[0907/181754.994:ERROR:process_memory_win.cc(73)] ReadMemory at 0x7ffb47940000 of 64 bytes failed: Only part of a ReadProcessMemory or WriteProcessMemory request was completed. (0x12B)
[0907/181754.994:WARNING:pe_image_reader.cc(340)] could not read dos header from C:\WINDOWS\System32\ADVAPI32.dll
[0907/181754.994:ERROR:process_memory_win.cc(73)] ReadMemory at 0x7ffb484f0000 of 64 bytes failed: Only part of a ReadProcessMemory or WriteProcessMemory request was completed. (0x12B)
[0907/181754.994:WARNING:pe_image_reader.cc(340)] could not read dos header from C:\WINDOWS\System32\sechost.dll
[0907/181754.994:ERROR:process_memory_win.cc(73)] ReadMemory at 0x7ffb483c0000 of 64 bytes failed: Only part of a ReadProcessMemory or WriteProcessMemory request was completed. (0x12B)
[0907/181754.994:WARNING:pe_image_reader.cc(340)] could not read dos header from C:\WINDOWS\System32\RPCRT4.dll
[0907/181754.994:ERROR:process_memory_win.cc(73)] ReadMemory at 0x7ffaf00b0000 of 64 bytes failed: Only part of a ReadProcessMemory or WriteProcessMemory request was completed. (0x12B)
[0907/181754.994:WARNING:pe_image_reader.cc(340)] could not read dos header from C:\Program Files (x86)\Google\Chrome\Application\85.0.4183.83\chrome.dll
[0907/181754.994:ERROR:process_memory_win.cc(73)] ReadMemory at 0x7ffb47560000 of 64 bytes failed: Only part of a ReadProcessMemory or WriteProcessMemory request was completed. (0x12B)
[0907/181754.994:WARNING:pe_image_reader.cc(340)] could not read dos header from C:\WINDOWS\System32\WS2_32.dll
[0907/181754.994:ERROR:process_memory_win.cc(73)] ReadMemory at 0x7ffb47a00000 of 64 bytes failed: Only part of a ReadProcessMemory or WriteProcessMemory request was completed. (0x12B)
[0907/181754.994:WARNING:pe_image_reader.cc(340)] could not read dos header from C:\WINDOWS\System32\OLEAUT32.dll
[0907/181754.994:ERROR:process_memory_win.cc(73)] ReadMemory at 0x7ffb46560000 of 64 bytes failed: Only part of a ReadProcessMemory or WriteProcessMemory request was completed. (0x12B)
[0907/181754.994:WARNING:pe_image_reader.cc(340)] could not read dos header from C:\WINDOWS\System32\msvcp_win.dll
[0907/181754.994:ERROR:process_memory_win.cc(73)] ReadMemory at 0x7ffb46600000 of 64 bytes failed: Only part of a ReadProcessMemory or WriteProcessMemory request was completed. (0x12B)
[0907/181754.994:WARNING:pe_image_reader.cc(340)] could not read dos header from C:\WINDOWS\System32\ucrtbase.dll
[0907/181754.994:ERROR:process_memory_win.cc(73)] ReadMemory at 0x7ffb475e0000 of 64 bytes failed: Only part of a ReadProcessMemory or WriteProcessMemory request was completed. (0x12B)
[0907/181754.994:WARNING:pe_image_reader.cc(340)] could not read dos header from C:\WINDOWS\System32\combase.dll
[0907/181754.994:ERROR:process_memory_win.cc(73)] ReadMemory at 0x7ffb46500000 of 64 bytes failed: Only part of a ReadProcessMemory or WriteProcessMemory request was completed. (0x12B)
[0907/181754.994:WARNING:pe_image_reader.cc(340)] could not read dos header from C:\WINDOWS\System32\WINTRUST.dll
[0907/181754.994:ERROR:process_memory_win.cc(73)] ReadMemory at 0x7ffb46a80000 of 64 bytes failed: Only part of a ReadProcessMemory or WriteProcessMemory request was completed. (0x12B)
[0907/181754.994:WARNING:pe_image_reader.cc(340)] could not read dos header from C:\WINDOWS\System32\CRYPT32.dll
[0907/181754.994:ERROR:process_memory_win.cc(73)] ReadMemory at 0x7ffb45760000 of 64 bytes failed: Only part of a ReadProcessMemory or WriteProcessMemory request was completed. (0x12B)
[0907/181754.994:WARNING:pe_image_reader.cc(340)] could not read dos header from C:\WINDOWS\SYSTEM32\IPHLPAPI.DLL
[0907/181754.994:ERROR:process_memory_win.cc(73)] ReadMemory at 0x7ffb3bd00000 of 64 bytes failed: Only part of a ReadProcessMemory or WriteProcessMemory request was completed. (0x12B)
[0907/181754.994:WARNING:pe_image_reader.cc(340)] could not read dos header from C:\WINDOWS\SYSTEM32\WINMM.dll
[0907/181754.994:ERROR:process_memory_win.cc(73)] ReadMemory at 0x7ffb21a20000 of 64 bytes failed: Only part of a ReadProcessMemory or WriteProcessMemory request was completed. (0x12B)
[0907/181754.994:WARNING:pe_image_reader.cc(340)] could not read dos header from C:\WINDOWS\SYSTEM32\UIAutomationCore.DLL
[0907/181754.994:ERROR:process_memory_win.cc(73)] ReadMemory at 0x7ffb32290000 of 64 bytes failed: Only part of a ReadProcessMemory or WriteProcessMemory request was completed. (0x12B)
[0907/181754.994:WARNING:pe_image_reader.cc(340)] could not read dos header from C:\WINDOWS\SYSTEM32\Secur32.dll
[0907/181754.994:ERROR:process_memory_win.cc(73)] ReadMemory at 0x7ffb46180000 of 64 bytes failed: Only part of a ReadProcessMemory or WriteProcessMemory request was completed. (0x12B)
[0907/181754.994:WARNING:pe_image_reader.cc(340)] could not read dos header from C:\WINDOWS\SYSTEM32\USERENV.dll
[0907/181754.994:ERROR:process_memory_win.cc(73)] ReadMemory at 0x7ffb3a120000 of 64 bytes failed: Only part of a ReadProcessMemory or WriteProcessMemory request was completed. (0x12B)
[0907/181754.994:WARNING:pe_image_reader.cc(340)] could not read dos header from C:\WINDOWS\SYSTEM32\DWrite.dll
[0907/181754.994:ERROR:process_memory_win.cc(73)] ReadMemory at 0x7ffb17170000 of 64 bytes failed: Only part of a ReadProcessMemory or WriteProcessMemory request was completed. (0x12B)
[0907/181754.994:WARNING:pe_image_reader.cc(340)] could not read dos header from C:\WINDOWS\SYSTEM32\WINSPOOL.DRV
[0907/181754.994:ERROR:process_memory_win.cc(73)] ReadMemory at 0x7ffb44140000 of 64 bytes failed: Only part of a ReadProcessMemory or WriteProcessMemory request was completed. (0x12B)
[0907/181754.994:WARNING:pe_image_reader.cc(340)] could not read dos header from C:\WINDOWS\SYSTEM32\dbghelp.dll
[0907/181754.994:ERROR:process_memory_win.cc(73)] ReadMemory at 0x7ffb3cba0000 of 64 bytes failed: Only part of a ReadProcessMemory or WriteProcessMemory request was completed. (0x12B)
[0907/181754.994:WARNING:pe_image_reader.cc(340)] could not read dos header from C:\WINDOWS\SYSTEM32\WINHTTP.dll
[0907/181754.994:ERROR:process_memory_win.cc(73)] ReadMemory at 0x7ffb3ebf0000 of 64 bytes failed: Only part of a ReadProcessMemory or WriteProcessMemory request was completed. (0x12B)
[0907/181754.994:WARNING:pe_image_reader.cc(340)] could not read dos header from C:\WINDOWS\SYSTEM32\dhcpcsvc.DLL
[0907/181754.994:ERROR:process_memory_win.cc(73)] ReadMemory at 0x7ffb43730000 of 64 bytes failed: Only part of a ReadProcessMemory or WriteProcessMemory request was completed. (0x12B)
[0907/181754.994:WARNING:pe_image_reader.cc(340)] could not read dos header from C:\WINDOWS\SYSTEM32\PROPSYS.dll
[0907/181754.994:ERROR:process_memory_win.cc(73)] ReadMemory at 0x7ffb461b0000 of 64 bytes failed: Only part of a ReadProcessMemory or WriteProcessMemory request was completed. (0x12B)
[0907/181754.994:WARNING:pe_image_reader.cc(340)] could not read dos header from C:\WINDOWS\SYSTEM32\SSPICLI.DLL
[0907/181754.994:ERROR:process_memory_win.cc(73)] ReadMemory at 0x7ffb45ec0000 of 64 bytes failed: Only part of a ReadProcessMemory or WriteProcessMemory request was completed. (0x12B)
[0907/181754.994:WARNING:pe_image_reader.cc(340)] could not read dos header from C:\WINDOWS\System32\MSASN1.dll
[0907/181754.994:ERROR:process_memory_win.cc(73)] ReadMemory at 0x7ffb46480000 of 64 bytes failed: Only part of a ReadProcessMemory or WriteProcessMemory request was completed. (0x12B)
[0907/181754.994:WARNING:pe_image_reader.cc(340)] could not read dos header from C:\WINDOWS\System32\bcryptPrimitives.dll
[0907/181754.994:ERROR:process_memory_win.cc(73)] ReadMemory at 0x7ffb45cb0000 of 64 bytes failed: Only part of a ReadProcessMemory or WriteProcessMemory request was completed. (0x12B)
[0907/181754.994:WARNING:pe_image_reader.cc(340)] could not read dos header from C:\WINDOWS\SYSTEM32\CRYPTBASE.DLL
[0907/181755.164:ERROR:process_memory_win.cc(73)] ReadMemory at 0x65065e4000 of 114688 bytes failed: Only part of a ReadProcessMemory or WriteProcessMemory request was completed. (0x12B)
[0907/181755.165:ERROR:process_memory_win.cc(73)] ReadMemory at 0x6506dfd000 of 12288 bytes failed: Only part of a ReadProcessMemory or WriteProcessMemory request was completed. (0x12B)
[0907/181755.165:ERROR:process_memory_win.cc(73)] ReadMemory at 0x6507dfd000 of 12288 bytes failed: Only part of a ReadProcessMemory or WriteProcessMemory request was completed. (0x12B)
[0907/181755.166:ERROR:process_memory_win.cc(73)] ReadMemory at 0x65085fb000 of 20480 bytes failed: Only part of a ReadProcessMemory or WriteProcessMemory request was completed. (0x12B)
[0907/181755.166:ERROR:process_memory_win.cc(73)] ReadMemory at 0x6508dfe000 of 8192 bytes failed: Only part of a ReadProcessMemory or WriteProcessMemory request was completed. (0x12B)
[0907/181755.166:ERROR:process_memory_win.cc(73)] ReadMemory at 0x65095fd000 of 12288 bytes failed: Only part of a ReadProcessMemory or WriteProcessMemory request was completed. (0x12B)
[0907/181755.166:ERROR:process_memory_win.cc(73)] ReadMemory at 0x6509dfc000 of 16384 bytes failed: Only part of a ReadProcessMemory or WriteProcessMemory request was completed. (0x12B)
[0907/181755.167:ERROR:process_memory_win.cc(73)] ReadMemory at 0x650adfd000 of 12288 bytes failed: Only part of a ReadProcessMemory or WriteProcessMemory request was completed. (0x12B)
[0907/181755.167:ERROR:process_memory_win.cc(73)] ReadMemory at 0x650b5fc000 of 16384 bytes failed: Only part of a ReadProcessMemory or WriteProcessMemory request was completed. (0x12B)
[0907/181755.167:ERROR:process_memory_win.cc(73)] ReadMemory at 0x650bdfb000 of 20480 bytes failed: Only part of a ReadProcessMemory or WriteProcessMemory request was completed. (0x12B)
[0907/181755.167:ERROR:process_memory_win.cc(73)] ReadMemory at 0x650c5fd000 of 12288 bytes failed: Only part of a ReadProcessMemory or WriteProcessMemory request was completed. (0x12B)
[0907/181755.167:ERROR:process_memory_win.cc(73)] ReadMemory at 0x650cdfd000 of 12288 bytes failed: Only part of a ReadProcessMemory or WriteProcessMemory request was completed. (0x12B)
[0907/181755.167:ERROR:process_memory_win.cc(73)] ReadMemory at 0x65075fd000 of 12288 bytes failed: Only part of a ReadProcessMemory or WriteProcessMemory request was completed. (0x12B)
[0907/181755.168:ERROR:process_memory_win.cc(73)] ReadMemory at 0x650a5ff000 of 4096 bytes failed: Only part of a ReadProcessMemory or WriteProcessMemory request was completed. (0x12B)
[0907/181755.168:ERROR:process_memory_win.cc(73)] ReadMemory at 0x6505c00000 of 6024 bytes failed: Only part of a ReadProcessMemory or WriteProcessMemory request was completed. (0x12B)
[0907/181755.169:ERROR:process_memory_win.cc(73)] ReadMemory at 0x6505c02000 of 6024 bytes failed: Only part of a ReadProcessMemory or WriteProcessMemory request was completed. (0x12B)
[0907/181755.170:ERROR:process_memory_win.cc(73)] ReadMemory at 0x6505c06000 of 6024 bytes failed: Only part of a ReadProcessMemory or WriteProcessMemory request was completed. (0x12B)
[0907/181755.170:ERROR:process_memory_win.cc(73)] ReadMemory at 0x6505c08000 of 6024 bytes failed: Only part of a ReadProcessMemory or WriteProcessMemory request was completed. (0x12B)
[0907/181755.170:ERROR:process_memory_win.cc(73)] ReadMemory at 0x6505c0a000 of 6024 bytes failed: Only part of a ReadProcessMemory or WriteProcessMemory request was completed. (0x12B)
[0907/181755.170:ERROR:process_memory_win.cc(73)] ReadMemory at 0x6505c0c000 of 6024 bytes failed: Only part of a ReadProcessMemory or WriteProcessMemory request was completed. (0x12B)
[0907/181755.171:ERROR:process_memory_win.cc(73)] ReadMemory at 0x6505c14000 of 6024 bytes failed: Only part of a ReadProcessMemory or WriteProcessMemory request was completed. (0x12B)
[0907/181755.171:ERROR:process_memory_win.cc(73)] ReadMemory at 0x6505c9a000 of 6024 bytes failed: Only part of a ReadProcessMemory or WriteProcessMemory request was completed. (0x12B)
[0907/181755.171:ERROR:process_memory_win.cc(73)] ReadMemory at 0x6505ca0000 of 6024 bytes failed: Only part of a ReadProcessMemory or WriteProcessMemory request was completed. (0x12B)
[0907/181755.172:ERROR:process_memory_win.cc(73)] ReadMemory at 0x6505df3000 of 852 bytes failed: Only part of a ReadProcessMemory or WriteProcessMemory request was completed. (0x12B)
[0907/181755.172:ERROR:process_memory_win.cc(73)] ReadMemory at 0x6505df4000 of 6024 bytes failed: Only part of a ReadProcessMemory or WriteProcessMemory request was completed. (0x12B)
[0907/181755.172:ERROR:process_memory_win.cc(73)] ReadMemory at 0x6505df6000 of 6024 bytes failed: Only part of a ReadProcessMemory or WriteProcessMemory request was completed. (0x12B)
[0907/181755.172:ERROR:process_memory_win.cc(73)] ReadMemory at 0x6505dfa000 of 6024 bytes failed: Only part of a ReadProcessMemory or WriteProcessMemory request was completed. (0x12B)
[0907/181755.173:ERROR:process_memory_win.cc(73)] ReadMemory at 0x6505dfc000 of 6024 bytes failed: Only part of a ReadProcessMemory or WriteProcessMemory request was completed. (0x12B)
[0907/181755.173:ERROR:process_memory_win.cc(73)] ReadMemory at 0x6505dfe000 of 6024 bytes failed: Only part of a ReadProcessMemory or WriteProcessMemory request was completed. (0x12B)
[0907/181755.173:ERROR:process_memory_win.cc(73)] ReadMemory at 0x25f52740e80 of 512 bytes failed: Only part of a ReadProcessMemory or WriteProcessMemory request was completed. (0x12B)
[0907/181755.173:ERROR:process_memory_win.cc(73)] ReadMemory at 0x25f527428c0 of 512 bytes failed: Only part of a ReadProcessMemory or WriteProcessMemory request was completed. (0x12B)
[0907/181755.173:ERROR:process_memory_win.cc(73)] ReadMemory at 0x25f52780fe0 of 16884 bytes failed: Only part of a ReadProcessMemory or WriteProcessMemory request was completed. (0x12B)
[0907/181755.173:ERROR:process_memory_win.cc(73)] ReadMemory at 0x25f527851e0 of 1012 bytes failed: Only part of a ReadProcessMemory or WriteProcessMemory request was completed. (0x12B)
[0907/181755.173:ERROR:process_memory_win.cc(73)] ReadMemory at 0x25f52785828 of 118 bytes failed: Only part of a ReadProcessMemory or WriteProcessMemory request was completed. (0x12B)
[0907/181755.173:ERROR:process_memory_win.cc(73)] ReadMemory at 0x25f527858a0 of 854 bytes failed: Only part of a ReadProcessMemory or WriteProcessMemory request was completed. (0x12B)
[0907/181755.173:ERROR:process_memory_win.cc(73)] ReadMemory at 0x25f52785bf8 of 118 bytes failed: Only part of a ReadProcessMemory or WriteProcessMemory request was completed. (0x12B)
[0907/181755.173:ERROR:process_memory_win.cc(73)] ReadMemory at 0x25f52785c70 of 100 bytes failed: Only part of a ReadProcessMemory or WriteProcessMemory request was completed. (0x12B)
[0907/181755.173:ERROR:process_memory_win.cc(73)] ReadMemory at 0x25f52785ce0 of 58 bytes failed: Only part of a ReadProcessMemory or WriteProcessMemory request was completed. (0x12B)
[0907/181755.173:ERROR:process_memory_win.cc(73)] ReadMemory at 0x25f52785de0 of 132 bytes failed: Only part of a ReadProcessMemory or WriteProcessMemory request was completed. (0x12B)
[0907/181755.173:ERROR:process_memory_win.cc(73)] ReadMemory at 0x25f52785f70 of 132 bytes failed: Only part of a ReadProcessMemory or WriteProcessMemory request was completed. (0x12B)
[0907/181755.173:ERROR:process_memory_win.cc(73)] ReadMemory at 0x25f52786130 of 124 bytes failed: Only part of a ReadProcessMemory or WriteProcessMemory request was completed. (0x12B)
[0907/181755.173:ERROR:process_memory_win.cc(73)] ReadMemory at 0x25f52786510 of 132 bytes failed: Only part of a ReadProcessMemory or WriteProcessMemory request was completed. (0x12B)
[0907/181755.173:ERROR:process_memory_win.cc(73)] ReadMemory at 0x25f527866a0 of 64 bytes failed: Only part of a ReadProcessMemory or WriteProcessMemory request was completed. (0x12B)
[0907/181755.173:ERROR:process_memory_win.cc(73)] ReadMemory at 0x25f527867d0 of 132 bytes failed: Only part of a ReadProcessMemory or WriteProcessMemory request was completed. (0x12B)
[0907/181755.173:ERROR:process_memory_win.cc(73)] ReadMemory at 0x25f52786900 of 152 bytes failed: Only part of a ReadProcessMemory or WriteProcessMemory request was completed. (0x12B)
[0907/181755.173:ERROR:process_memory_win.cc(73)] ReadMemory at 0x25f52786b20 of 132 bytes failed: Only part of a ReadProcessMemory or WriteProcessMemory request was completed. (0x12B)
[0907/181755.173:ERROR:process_memory_win.cc(73)] ReadMemory at 0x25f52786cb0 of 68 bytes failed: Only part of a ReadProcessMemory or WriteProcessMemory request was completed. (0x12B)
[0907/181755.173:ERROR:process_memory_win.cc(73)] ReadMemory at 0x25f52787e40 of 132 bytes failed: Only part of a ReadProcessMemory or WriteProcessMemory request was completed. (0x12B)
[0907/181755.173:ERROR:process_memory_win.cc(73)] ReadMemory at 0x25f52788d30 of 62 bytes failed: Only part of a ReadProcessMemory or WriteProcessMemory request was completed. (0x12B)
[0907/181755.173:ERROR:process_memory_win.cc(73)] ReadMemory at 0x25f52788e90 of 132 bytes failed: Only part of a ReadProcessMemory or WriteProcessMemory request was completed. (0x12B)
[0907/181755.223:ERROR:process_memory_win.cc(73)] ReadMemory at 0x25f52789020 of 60 bytes failed: Only part of a ReadProcessMemory or WriteProcessMemory request was completed. (0x12B)
[0907/181755.223:ERROR:process_memory_win.cc(73)] ReadMemory at 0x25f5279c960 of 132 bytes failed: Only part of a ReadProcessMemory or WriteProcessMemory request was completed. (0x12B)
[0907/181755.226:ERROR:process_memory_win.cc(73)] ReadMemory at 0x25f5279ce00 of 132 bytes failed: Only part of a ReadProcessMemory or WriteProcessMemory request was completed. (0x12B)
[0907/181755.227:ERROR:process_memory_win.cc(73)] ReadMemory at 0x25f5279eac0 of 132 bytes failed: Only part of a ReadProcessMemory or WriteProcessMemory request was completed. (0x12B)
[0907/181755.227:ERROR:process_memory_win.cc(73)] ReadMemory at 0x25f5279ecd0 of 132 bytes failed: Only part of a ReadProcessMemory or WriteProcessMemory request was completed. (0x12B)
[0907/181755.228:ERROR:process_memory_win.cc(73)] ReadMemory at 0x25f527a0d10 of 64 bytes failed: Only part of a ReadProcessMemory or WriteProcessMemory request was completed. (0x12B)
[0907/181755.228:ERROR:process_memory_win.cc(73)] ReadMemory at 0x25f527a0e50 of 66 bytes failed: Only part of a ReadProcessMemory or WriteProcessMemory request was completed. (0x12B)
[0907/181755.228:ERROR:process_memory_win.cc(73)] ReadMemory at 0x25f527a0ea0 of 62 bytes failed: Only part of a ReadProcessMemory or WriteProcessMemory request was completed. (0x12B)
[0907/181755.228:ERROR:process_memory_win.cc(73)] ReadMemory at 0x25f527a0ef0 of 64 bytes failed: Only part of a ReadProcessMemory or WriteProcessMemory request was completed. (0x12B)
[0907/181755.230:ERROR:process_memory_win.cc(73)] ReadMemory at 0x25f527a0f40 of 62 bytes failed: Only part of a ReadProcessMemory or WriteProcessMemory request was completed. (0x12B)
[0907/181755.231:ERROR:process_memory_win.cc(73)] ReadMemory at 0x25f527a1080 of 64 bytes failed: Only part of a ReadProcessMemory or WriteProcessMemory request was completed. (0x12B)
[0907/181755.231:ERROR:process_memory_win.cc(73)] ReadMemory at 0x25f527a10d0 of 62 bytes failed: Only part of a ReadProcessMemory or WriteProcessMemory request was completed. (0x12B)
[0907/181755.232:ERROR:process_memory_win.cc(73)] ReadMemory at 0x25f527a1170 of 60 bytes failed: Only part of a ReadProcessMemory or WriteProcessMemory request was completed. (0x12B)
[0907/181755.253:ERROR:process_memory_win.cc(73)] ReadMemory at 0x25f527a11c0 of 62 bytes failed: Only part of a ReadProcessMemory or WriteProcessMemory request was completed. (0x12B)
[0907/181755.253:ERROR:process_memory_win.cc(73)] ReadMemory at 0x25f527a14e0 of 60 bytes failed: Only part of a ReadProcessMemory or WriteProcessMemory request was completed. (0x12B)
[0907/181755.253:ERROR:process_memory_win.cc(73)] ReadMemory at 0x25f527a1530 of 64 bytes failed: Only part of a ReadProcessMemory or WriteProcessMemory request was completed. (0x12B)
[0907/181755.253:ERROR:process_memory_win.cc(73)] ReadMemory at 0x25f527a1760 of 58 bytes failed: Only part of a ReadProcessMemory or WriteProcessMemory request was completed. (0x12B)
[0907/181755.253:ERROR:process_memory_win.cc(73)] ReadMemory at 0x25f527a1a30 of 64 bytes failed: Only part of a ReadProcessMemory or WriteProcessMemory request was completed. (0x12B)
[0907/181755.253:ERROR:process_memory_win.cc(73)] ReadMemory at 0x25f527a3fe0 of 132 bytes failed: Only part of a ReadProcessMemory or WriteProcessMemory request was completed. (0x12B)
[0907/181755.253:ERROR:process_memory_win.cc(73)] ReadMemory at 0x25f527a46b0 of 132 bytes failed: Only part of a ReadProcessMemory or WriteProcessMemory request was completed. (0x12B)
[0907/181755.253:ERROR:process_memory_win.cc(73)] ReadMemory at 0x25f527a5ba0 of 132 bytes failed: Only part of a ReadProcessMemory or WriteProcessMemory request was completed. (0x12B)
[0907/181755.261:ERROR:process_memory_win.cc(73)] ReadMemory at 0x25f527a5dc0 of 132 bytes failed: Only part of a ReadProcessMemory or WriteProcessMemory request was completed. (0x12B)
[0907/181755.261:ERROR:process_memory_win.cc(73)] ReadMemory at 0x25f527a5fe0 of 132 bytes failed: Only part of a ReadProcessMemory or WriteProcessMemory request was completed. (0x12B)
[0907/181755.261:ERROR:process_memory_win.cc(73)] ReadMemory at 0x25f527a72b0 of 132 bytes failed: Only part of a ReadProcessMemory or WriteProcessMemory request was completed. (0x12B)
[0907/181755.261:ERROR:process_memory_win.cc(73)] ReadMemory at 0x25f527a73e0 of 132 bytes failed: Only part of a ReadProcessMemory or WriteProcessMemory request was completed. (0x12B)
[0907/181755.261:ERROR:process_memory_win.cc(73)] ReadMemory at 0x25f527a7510 of 132 bytes failed: Only part of a ReadProcessMemory or WriteProcessMemory request was completed. (0x12B)
[0907/181755.261:ERROR:process_memory_win.cc(73)] ReadMemory at 0x25f527a7640 of 132 bytes failed: Only part of a ReadProcessMemory or WriteProcessMemory request was completed. (0x12B)
[0907/181755.261:ERROR:process_memory_win.cc(73)] ReadMemory at 0x25f527a7770 of 132 bytes failed: Only part of a ReadProcessMemory or WriteProcessMemory request was completed. (0x12B)
[0907/181755.264:ERROR:process_memory_win.cc(73)] ReadMemory at 0x25f527a78a0 of 132 bytes failed: Only part of a ReadProcessMemory or WriteProcessMemory request was completed. (0x12B)
[0907/181755.264:ERROR:process_memory_win.cc(73)] ReadMemory at 0x25f527a79d0 of 132 bytes failed: Only part of a ReadProcessMemory or WriteProcessMemory request was completed. (0x12B)
[0907/181755.264:ERROR:process_memory_win.cc(73)] ReadMemory at 0x25f527a7b00 of 132 bytes failed: Only part of a ReadProcessMemory or WriteProcessMemory request was completed. (0x12B)
[0907/181755.264:ERROR:process_memory_win.cc(73)] ReadMemory at 0x25f527a7c30 of 132 bytes failed: Only part of a ReadProcessMemory or WriteProcessMemory request was completed. (0x12B)
[0907/181755.264:ERROR:process_memory_win.cc(73)] ReadMemory at 0x25f527a7d60 of 132 bytes failed: Only part of a ReadProcessMemory or WriteProcessMemory request was completed. (0x12B)
[0907/181755.264:ERROR:process_memory_win.cc(73)] ReadMemory at 0x25f527a7e90 of 132 bytes failed: Only part of a ReadProcessMemory or WriteProcessMemory request was completed. (0x12B)
[0907/181755.264:ERROR:process_memory_win.cc(73)] ReadMemory at 0x25f527a7fc0 of 132 bytes failed: Only part of a ReadProcessMemory or WriteProcessMemory request was completed. (0x12B)
[0907/181755.264:ERROR:process_memory_win.cc(73)] ReadMemory at 0x25f527a80f0 of 132 bytes failed: Only part of a ReadProcessMemory or WriteProcessMemory request was completed. (0x12B)
[0907/181755.264:ERROR:process_memory_win.cc(73)] ReadMemory at 0x25f527a84a0 of 80 bytes failed: Only part of a ReadProcessMemory or WriteProcessMemory request was completed. (0x12B)
[0907/181755.264:ERROR:process_memory_win.cc(73)] ReadMemory at 0x25f527a8800 of 80 bytes failed: Only part of a ReadProcessMemory or WriteProcessMemory request was completed. (0x12B)
[0907/181755.264:ERROR:process_memory_win.cc(73)] ReadMemory at 0x25f527abf00 of 144 bytes failed: Only part of a ReadProcessMemory or WriteProcessMemory request was completed. (0x12B)
[0907/181755.264:ERROR:process_memory_win.cc(73)] ReadMemory at 0x25f527adbd0 of 62 bytes failed: Only part of a ReadProcessMemory or WriteProcessMemory request was completed. (0x12B)
[0907/181755.264:ERROR:process_memory_win.cc(73)] ReadMemory at 0x25f527adc20 of 64 bytes failed: Only part of a ReadProcessMemory or WriteProcessMemory request was completed. (0x12B)
[0907/181755.264:ERROR:process_memory_win.cc(73)] ReadMemory at 0x25f527addb0 of 60 bytes failed: Only part of a ReadProcessMemory or WriteProcessMemory request was completed. (0x12B)
[0907/181755.264:ERROR:process_memory_win.cc(73)] ReadMemory at 0x25f527ae2b0 of 62 bytes failed: Only part of a ReadProcessMemory or WriteProcessMemory request was completed. (0x12B)
[0907/181755.264:ERROR:process_memory_win.cc(73)] ReadMemory at 0x25f527ae350 of 62 bytes failed: Only part of a ReadProcessMemory or WriteProcessMemory request was completed. (0x12B)
[0907/181755.264:ERROR:process_memory_win.cc(73)] ReadMemory at 0x25f527ae440 of 60 bytes failed: Only part of a ReadProcessMemory or WriteProcessMemory request was completed. (0x12B)
[0907/181755.264:ERROR:process_memory_win.cc(73)] ReadMemory at 0x25f527ae5d0 of 64 bytes failed: Only part of a ReadProcessMemory or WriteProcessMemory request was completed. (0x12B)
[0907/181755.264:ERROR:process_memory_win.cc(73)] ReadMemory at 0x25f527ae620 of 62 bytes failed: Only part of a ReadProcessMemory or WriteProcessMemory request was completed. (0x12B)
[0907/181755.264:ERROR:process_memory_win.cc(73)] ReadMemory at 0x25f527ae6c0 of 62 bytes failed: Only part of a ReadProcessMemory or WriteProcessMemory request was completed. (0x12B)
[0907/181755.264:ERROR:process_memory_win.cc(73)] ReadMemory at 0x25f527af330 of 132 bytes failed: Only part of a ReadProcessMemory or WriteProcessMemory request was completed. (0x12B)
[0907/181755.268:ERROR:process_memory_win.cc(73)] ReadMemory at 0x25f527af6c0 of 132 bytes failed: Only part of a ReadProcessMemory or WriteProcessMemory request was completed. (0x12B)
[0907/181755.269:ERROR:process_memory_win.cc(73)] ReadMemory at 0x25f527afde0 of 132 bytes failed: Only part of a ReadProcessMemory or WriteProcessMemory request was completed. (0x12B)
[0907/181755.269:ERROR:process_memory_win.cc(73)] ReadMemory at 0x25f527fc3d0 of 512 bytes failed: Only part of a ReadProcessMemory or WriteProcessMemory request was completed. (0x12B)
[0907/181755.269:ERROR:process_memory_win.cc(73)] ReadMemory at 0x25f528157a0 of 512 bytes failed: Only part of a ReadProcessMemory or WriteProcessMemory request was completed. (0x12B)
[0907/181755.273:ERROR:process_memory_win.cc(73)] ReadMemory at 0x25f5281c9f0 of 512 bytes failed: Only part of a ReadProcessMemory or WriteProcessMemory request was completed. (0x12B)
[0907/181755.273:ERROR:process_memory_win.cc(73)] ReadMemory at 0x25f5281ced0 of 512 bytes failed: Only part of a ReadProcessMemory or WriteProcessMemory request was completed. (0x12B)
[0907/181755.274:ERROR:process_memory_win.cc(73)] ReadMemory at 0x25f528394e0 of 512 bytes failed: Only part of a ReadProcessMemory or WriteProcessMemory request was completed. (0x12B)
[0907/181755.274:ERROR:process_memory_win.cc(73)] ReadMemory at 0x25f5283fed0 of 512 bytes failed: Only part of a ReadProcessMemory or WriteProcessMemory request was completed. (0x12B)
[0907/181755.274:ERROR:process_memory_win.cc(73)] ReadMemory at 0x25f52848c70 of 512 bytes failed: Only part of a ReadProcessMemory or WriteProcessMemory request was completed. (0x12B)
[0907/181755.274:ERROR:process_memory_win.cc(73)] ReadMemory at 0x25f52850b10 of 712 bytes failed: Only part of a ReadProcessMemory or WriteProcessMemory request was completed. (0x12B)
[0907/181755.274:ERROR:process_memory_win.cc(73)] ReadMemory at 0x25f54072320 of 512 bytes failed: Only part of a ReadProcessMemory or WriteProcessMemory request was completed. (0x12B)
[0907/181755.274:ERROR:process_memory_win.cc(73)] ReadMemory at 0x25f5460014c of 512 bytes failed: Only part of a ReadProcessMemory or WriteProcessMemory request was completed. (0x12B)
[0907/181755.278:ERROR:process_memory_win.cc(73)] ReadMemory at 0x25f5e313d30 of 512 bytes failed: Only part of a ReadProcessMemory or WriteProcessMemory request was completed. (0x12B)
[0907/181755.278:ERROR:process_memory_win.cc(73)] ReadMemory at 0x25f5feb6a40 of 512 bytes failed: Only part of a ReadProcessMemory or WriteProcessMemory request was completed. (0x12B)
[0907/181755.278:ERROR:process_memory_win.cc(73)] ReadMemory at 0x25f62e55390 of 512 bytes failed: Only part of a ReadProcessMemory or WriteProcessMemory request was completed. (0x12B)
[0907/181755.278:ERROR:process_memory_win.cc(73)] ReadMemory at 0x25f6a6504d0 of 512 bytes failed: Only part of a ReadProcessMemory or WriteProcessMemory request was completed. (0x12B)
[0907/181755.279:ERROR:process_memory_win.cc(73)] ReadMemory at 0x25f6a650a70 of 512 bytes failed: Only part of a ReadProcessMemory or WriteProcessMemory request was completed. (0x12B)
[0907/181755.279:ERROR:process_memory_win.cc(73)] ReadMemory at 0x25f6ab61720 of 512 bytes failed: Only part of a ReadProcessMemory or WriteProcessMemory request was completed. (0x12B)
[0907/181755.279:ERROR:process_memory_win.cc(73)] ReadMemory at 0x25f6faf3f90 of 672 bytes failed: Only part of a ReadProcessMemory or WriteProcessMemory request was completed. (0x12B)
[0907/181755.279:ERROR:process_memory_win.cc(73)] ReadMemory at 0x7ffaf2466641 of 512 bytes failed: Only part of a ReadProcessMemory or WriteProcessMemory request was completed. (0x12B)
[0907/181755.279:ERROR:process_memory_win.cc(73)] ReadMemory at 0x7ffaf7bf7640 of 512 bytes failed: Only part of a ReadProcessMemory or WriteProcessMemory request was completed. (0x12B)
[0907/181755.279:ERROR:process_memory_win.cc(73)] ReadMemory at 0x7ffb16c65160 of 512 bytes failed: Only part of a ReadProcessMemory or WriteProcessMemory request was completed. (0x12B)
[0907/181755.279:ERROR:process_memory_win.cc(73)] ReadMemory at 0x7ffb16c65867 of 512 bytes failed: Only part of a ReadProcessMemory or WriteProcessMemory request was completed. (0x12B)
[0907/181755.279:ERROR:process_memory_win.cc(73)] ReadMemory at 0x7ffb474349f0 of 512 bytes failed: Only part of a ReadProcessMemory or WriteProcessMemory request was completed. (0x12B)
[0907/181755.280:ERROR:process_memory_win.cc(73)] ReadMemory at 0x7ffb48c0bdc4 of 672 bytes failed: Only part of a ReadProcessMemory or WriteProcessMemory request was completed. (0x12B)
[0907/181755.280:ERROR:process_memory_win.cc(73)] ReadMemory at 0x7ffb48c0f734 of 608 bytes failed: Only part of a ReadProcessMemory or WriteProcessMemory request was completed. (0x12B)
[0907/181755.280:ERROR:process_memory_win.cc(73)] ReadMemory at 0x7ffb48ca06e0 of 18 bytes failed: Only part of a ReadProcessMemory or WriteProcessMemory request was completed. (0x12B)
[0907/181755.280:ERROR:process_memory_win.cc(73)] ReadMemory at 0x7ffb48cd44f8 of 40 bytes failed: Only part of a ReadProcessMemory or WriteProcessMemory request was completed. (0x12B)
[0907/181755.280:ERROR:process_memory_win.cc(73)] ReadMemory at 0x7ffb48cd4978 of 48 bytes failed: Only part of a ReadProcessMemory or WriteProcessMemory request was completed. (0x12B)
[0907/181755.280:ERROR:process_memory_win.cc(73)] ReadMemory at 0x7ffb48cda4c0 of 64 bytes failed: Only part of a ReadProcessMemory or WriteProcessMemory request was completed. (0x12B)
[0907/181755.284:ERROR:scoped_process_suspend.cc(40)] NtResumeProcess: An attempt was made to access an exiting process. (0xc000010a)
